[1/230] Performing build step for 'bootloader'
[1/1] cd /home/dt/esp/5_35_LVGL_Full_Test-S024/build/bootloader/esp-idf/esptool_py && /home/dt/.espressif/python_env/idf5.4_py3.8_env/bin/python /home/dt/esp/esp-idf/components/partition_table/check_sizes.py --offset 0x8000 bootloader 0x1000 /home/dt/esp/5_35_LVGL_Full_Test-S024/build/bootloader/bootloader.bin
Bootloader binary size 0x6880 bytes. 0x780 bytes (7%) free.
[2/230] No install step for 'bootloader'
[3/230] Completed 'bootloader'
[4/230] Building C object esp-idf/lvgl/CMakeFiles/__idf_lvgl.dir/lvgl/src/lv_draw/lv_draw_arc.c.obj
FAILED: esp-idf/lvgl/CMakeFiles/__idf_lvgl.dir/lvgl/src/lv_draw/lv_draw_arc.c.obj 
/home/dt/.espressif/tools/xtensa-esp-elf/esp-13.2.0_20240530/xtensa-esp-elf/bin/xtensa-esp32-elf-gcc -DESP_PLATFORM -DIDF_VER=\"v5.4-dev-826-g8760e6d2a7-dirty\" -DSOC_MMU_PAGE_SIZE=CONFIG_MMU_PAGE_SIZE -DSOC_XTAL_FREQ_MHZ=CONFIG_XTAL_FREQ -D_GLIBCXX_HAVE_POSIX_SEMAPHORE -D_GLIBCXX_USE_POSIX_SEMAPHORE -D_GNU_SOURCE -D_POSIX_READER_WRITER_LOCKS -I/home/dt/esp/5_35_LVGL_Full_Test-S024/build/config -I/home/dt/esp/5_35_LVGL_Full_Test-S024/components/lvgl -I/home/dt/esp/5_35_LVGL_Full_Test-S024/components/lvgl/lvgl -I/home/dt/esp/esp-idf/components/newlib/platform_include -I/home/dt/esp/esp-idf/components/freertos/config/include -I/home/dt/esp/esp-idf/components/freertos/config/include/freertos -I/home/dt/esp/esp-idf/components/freertos/config/xtensa/include -I/home/dt/esp/esp-idf/components/freertos/FreeRTOS-Kernel/include -I/home/dt/esp/esp-idf/components/freertos/FreeRTOS-Kernel/portable/xtensa/include -I/home/dt/esp/esp-idf/components/freertos/FreeRTOS-Kernel/portable/xtensa/include/freertos -I/home/dt/esp/esp-idf/components/freertos/esp_additions/include -I/home/dt/esp/esp-idf/components/esp_hw_support/include -I/home/dt/esp/esp-idf/components/esp_hw_support/include/soc -I/home/dt/esp/esp-idf/components/esp_hw_support/include/soc/esp32 -I/home/dt/esp/esp-idf/components/esp_hw_support/dma/include -I/home/dt/esp/esp-idf/components/esp_hw_support/ldo/include -I/home/dt/esp/esp-idf/components/esp_hw_support/port/esp32/. -I/home/dt/esp/esp-idf/components/esp_hw_support/port/esp32/include -I/home/dt/esp/esp-idf/components/heap/include -I/home/dt/esp/esp-idf/components/log/include -I/home/dt/esp/esp-idf/components/soc/include -I/home/dt/esp/esp-idf/components/soc/esp32 -I/home/dt/esp/esp-idf/components/soc/esp32/include -I/home/dt/esp/esp-idf/components/hal/platform_port/include -I/home/dt/esp/esp-idf/components/hal/esp32/include -I/home/dt/esp/esp-idf/components/hal/include -I/home/dt/esp/esp-idf/components/esp_rom/include -I/home/dt/esp/esp-idf/components/esp_rom/include/esp32 -I/home/dt/esp/esp-idf/components/esp_rom/esp32 -I/home/dt/esp/esp-idf/components/esp_common/include -I/home/dt/esp/esp-idf/components/esp_system/include -I/home/dt/esp/esp-idf/components/esp_system/port/soc -I/home/dt/esp/esp-idf/components/esp_system/port/include/private -I/home/dt/esp/esp-idf/components/xtensa/esp32/include -I/home/dt/esp/esp-idf/components/xtensa/include -I/home/dt/esp/esp-idf/components/xtensa/deprecated_include -I/home/dt/esp/esp-idf/components/lwip/include -I/home/dt/esp/esp-idf/components/lwip/include/apps -I/home/dt/esp/esp-idf/components/lwip/include/apps/sntp -I/home/dt/esp/esp-idf/components/lwip/lwip/src/include -I/home/dt/esp/esp-idf/components/lwip/port/include -I/home/dt/esp/esp-idf/components/lwip/port/freertos/include -I/home/dt/esp/esp-idf/components/lwip/port/esp32xx/include -I/home/dt/esp/esp-idf/components/lwip/port/esp32xx/include/arch -I/home/dt/esp/esp-idf/components/lwip/port/esp32xx/include/sys -mlongcalls -Wno-frame-address  -fno-builtin-memcpy -fno-builtin-memset -fno-builtin-bzero -fno-builtin-stpcpy -fno-builtin-strncpy -fdiagnostics-color=always -ffunction-sections -fdata-sections -Wall -Werror=all -Wno-error=unused-function -Wno-error=unused-variable -Wno-error=unused-but-set-variable -Wno-error=deprecated-declarations -Wextra -Wno-unused-parameter -Wno-sign-compare -Wno-enum-conversion -gdwarf-4 -ggdb -Og -fno-shrink-wrap -fmacro-prefix-map=/home/dt/esp/5_35_LVGL_Full_Test-S024=. -fmacro-prefix-map=/home/dt/esp/esp-idf=/IDF -fstrict-volatile-bitfields -fno-jump-tables -fno-tree-switch-conversion -std=gnu17 -Wno-old-style-declaration -MD -MT esp-idf/lvgl/CMakeFiles/__idf_lvgl.dir/lvgl/src/lv_draw/lv_draw_arc.c.obj -MF esp-idf/lvgl/CMakeFiles/__idf_lvgl.dir/lvgl/src/lv_draw/lv_draw_arc.c.obj.d -o esp-idf/lvgl/CMakeFiles/__idf_lvgl.dir/lvgl/src/lv_draw/lv_draw_arc.c.obj -c /home/dt/esp/5_35_LVGL_Full_Test-S024/components/lvgl/lvgl/src/lv_draw/lv_draw_arc.c
In file included from /home/dt/esp/5_35_LVGL_Full_Test-S024/components/lvgl/lvgl/src/lv_draw/../lv_core/lv_style.h:18,
                 from /home/dt/esp/5_35_LVGL_Full_Test-S024/components/lvgl/lvgl/src/lv_draw/lv_draw_line.h:16,
                 from /home/dt/esp/5_35_LVGL_Full_Test-S024/components/lvgl/lvgl/src/lv_draw/lv_draw_arc.h:16,
                 from /home/dt/esp/5_35_LVGL_Full_Test-S024/components/lvgl/lvgl/src/lv_draw/lv_draw_arc.c:9:
/home/dt/esp/5_35_LVGL_Full_Test-S024/components/lvgl/lvgl/src/lv_draw/../lv_core/../lv_misc/lv_color.h:29:2: error: #error "LV_COLOR_16_SWAP requires LV_COLOR_DEPTH == 16. Set it in lv_conf.h"
   29 | #error "LV_COLOR_16_SWAP requires LV_COLOR_DEPTH == 16. Set it in lv_conf.h"
      |  ^~~~~
In function 'lv_color_to16':
cc1: error: unterminated argument list invoking macro "LV_COLOR_SET_G16_SWAP"
/home/dt/esp/5_35_LVGL_Full_Test-S024/components/lvgl/lvgl/src/lv_draw/../lv_core/../lv_misc/lv_color.h:382:5: error: 'LV_COLOR_SET_G16_SWAP' undeclared (first use in this function)
  382 |     LV_COLOR_SET_G16_SWAP(ret, ret.ch.green_h = (LV_COLOR_GET_G(color) >> 2); /*(2^6 - 1)/(2^3 - 1) = 63/7 = 9*/
      |     ^~~~~~~~~~~~~~~~~~~~~
/home/dt/esp/5_35_LVGL_Full_Test-S024/components/lvgl/lvgl/src/lv_draw/../lv_core/../lv_misc/lv_color.h:382:5: note: each undeclared identifier is reported only once for each function it appears in
/home/dt/esp/5_35_LVGL_Full_Test-S024/components/lvgl/lvgl/src/lv_draw/../lv_core/../lv_misc/lv_color.h:382:26: error: expected ';' before 'enum'
  382 |     LV_COLOR_SET_G16_SWAP(ret, ret.ch.green_h = (LV_COLOR_GET_G(color) >> 2); /*(2^6 - 1)/(2^3 - 1) = 63/7 = 9*/
      |                          ^
      |                          ;
In file included from /home/dt/esp/5_35_LVGL_Full_Test-S024/components/lvgl/lvgl/src/lv_draw/../lv_core/lv_style.h:20:
/home/dt/esp/5_35_LVGL_Full_Test-S024/components/lvgl/lvgl/src/lv_draw/../lv_core/../lv_misc/lv_anim.h:129:20: error: invalid storage class for function 'lv_anim_set_var'
  129 | static inline void lv_anim_set_var(lv_anim_t * a, void * var)
      |                    ^~~~~~~~~~~~~~~
/home/dt/esp/5_35_LVGL_Full_Test-S024/components/lvgl/lvgl/src/lv_draw/../lv_core/../lv_misc/lv_anim.h:141:20: error: invalid storage class for function 'lv_anim_set_exec_cb'
  141 | static inline void lv_anim_set_exec_cb(lv_anim_t * a, lv_anim_exec_xcb_t exec_cb)
      |                    ^~~~~~~~~~~~~~~~~~~
/home/dt/esp/5_35_LVGL_Full_Test-S024/components/lvgl/lvgl/src/lv_draw/../lv_core/../lv_misc/lv_anim.h:151:20: error: invalid storage class for function 'lv_anim_set_time'
  151 | static inline void lv_anim_set_time(lv_anim_t * a, uint32_t duration)
      |                    ^~~~~~~~~~~~~~~~
/home/dt/esp/5_35_LVGL_Full_Test-S024/components/lvgl/lvgl/src/lv_draw/../lv_core/../lv_misc/lv_anim.h:161:20: error: invalid storage class for function 'lv_anim_set_delay'
  161 | static inline void lv_anim_set_delay(lv_anim_t * a, uint32_t delay)
      |                    ^~~~~~~~~~~~~~~~~
/home/dt/esp/5_35_LVGL_Full_Test-S024/components/lvgl/lvgl/src/lv_draw/../lv_core/../lv_misc/lv_anim.h:172:20: error: invalid storage class for function 'lv_anim_set_values'
  172 | static inline void lv_anim_set_values(lv_anim_t * a, lv_anim_value_t start, lv_anim_value_t end)
      |                    ^~~~~~~~~~~~~~~~~~
/home/dt/esp/5_35_LVGL_Full_Test-S024/components/lvgl/lvgl/src/lv_draw/../lv_core/../lv_misc/lv_anim.h:187:20: error: invalid storage class for function 'lv_anim_set_custom_exec_cb'
  187 | static inline void lv_anim_set_custom_exec_cb(lv_anim_t * a, lv_anim_custom_exec_cb_t exec_cb)
      |                    ^~~~~~~~~~~~~~~~~~~~~~~~~~
/home/dt/esp/5_35_LVGL_Full_Test-S024/components/lvgl/lvgl/src/lv_draw/../lv_core/../lv_misc/lv_anim.h:199:20: error: invalid storage class for function 'lv_anim_set_path'
  199 | static inline void lv_anim_set_path(lv_anim_t * a, const lv_anim_path_t * path)
      |                    ^~~~~~~~~~~~~~~~
/home/dt/esp/5_35_LVGL_Full_Test-S024/components/lvgl/lvgl/src/lv_draw/../lv_core/../lv_misc/lv_anim.h:210:20: error: invalid storage class for function 'lv_anim_set_start_cb'
  210 | static inline void lv_anim_set_start_cb(lv_anim_t * a, lv_anim_ready_cb_t start_cb)
      |                    ^~~~~~~~~~~~~~~~~~~~
/home/dt/esp/5_35_LVGL_Full_Test-S024/components/lvgl/lvgl/src/lv_draw/../lv_core/../lv_misc/lv_anim.h:220:20: error: invalid storage class for function 'lv_anim_set_ready_cb'
  220 | static inline void lv_anim_set_ready_cb(lv_anim_t * a, lv_anim_ready_cb_t ready_cb)
      |                    ^~~~~~~~~~~~~~~~~~~~
/home/dt/esp/5_35_LVGL_Full_Test-S024/components/lvgl/lvgl/src/lv_draw/../lv_core/../lv_misc/lv_anim.h:230:20: error: invalid storage class for function 'lv_anim_set_playback_time'
  230 | static inline void lv_anim_set_playback_time(lv_anim_t * a, uint16_t time)
      |                    ^~~~~~~~~~~~~~~~~~~~~~~~~
/home/dt/esp/5_35_LVGL_Full_Test-S024/components/lvgl/lvgl/src/lv_draw/../lv_core/../lv_misc/lv_anim.h:240:20: error: invalid storage class for function 'lv_anim_set_playback_delay'
  240 | static inline void lv_anim_set_playback_delay(lv_anim_t * a, uint16_t delay)
      |                    ^~~~~~~~~~~~~~~~~~~~~~~~~~
/home/dt/esp/5_35_LVGL_Full_Test-S024/components/lvgl/lvgl/src/lv_draw/../lv_core/../lv_misc/lv_anim.h:250:20: error: invalid storage class for function 'lv_anim_set_repeat_count'
  250 | static inline void lv_anim_set_repeat_count(lv_anim_t * a, uint16_t cnt)
      |                    ^~~~~~~~~~~~~~~~~~~~~~~~
/home/dt/esp/5_35_LVGL_Full_Test-S024/components/lvgl/lvgl/src/lv_draw/../lv_core/../lv_misc/lv_anim.h:260:20: error: invalid storage class for function 'lv_anim_set_repeat_delay'
  260 | static inline void lv_anim_set_repeat_delay(lv_anim_t * a, uint16_t delay)
      |                    ^~~~~~~~~~~~~~~~~~~~~~~~
/home/dt/esp/5_35_LVGL_Full_Test-S024/components/lvgl/lvgl/src/lv_draw/../lv_core/../lv_misc/lv_anim.h:275:20: error: invalid storage class for function 'lv_anim_path_init'
  275 | static inline void lv_anim_path_init(lv_anim_path_t * path)
      |                    ^~~~~~~~~~~~~~~~~
/home/dt/esp/5_35_LVGL_Full_Test-S024/components/lvgl/lvgl/src/lv_draw/../lv_core/../lv_misc/lv_anim.h:285:20: error: invalid storage class for function 'lv_anim_path_set_cb'
  285 | static inline void lv_anim_path_set_cb(lv_anim_path_t * path, lv_anim_path_cb_t cb)
      |                    ^~~~~~~~~~~~~~~~~~~
/home/dt/esp/5_35_LVGL_Full_Test-S024/components/lvgl/lvgl/src/lv_draw/../lv_core/../lv_misc/lv_anim.h:295:20: error: invalid storage class for function 'lv_anim_path_set_user_data'
  295 | static inline void lv_anim_path_set_user_data(lv_anim_path_t * path, void * user_data)
      |                    ^~~~~~~~~~~~~~~~~~~~~~~~~~
/home/dt/esp/5_35_LVGL_Full_Test-S024/components/lvgl/lvgl/src/lv_draw/../lv_core/../lv_misc/lv_anim.h:305:23: error: invalid storage class for function 'lv_anim_get_delay'
  305 | static inline int32_t lv_anim_get_delay(lv_anim_t * a)
      |                       ^~~~~~~~~~~~~~~~~
/home/dt/esp/5_35_LVGL_Full_Test-S024/components/lvgl/lvgl/src/lv_draw/../lv_core/../lv_misc/lv_anim.h:340:20: error: invalid storage class for function 'lv_anim_custom_del'
  340 | static inline bool lv_anim_custom_del(lv_anim_t * a, lv_anim_custom_exec_cb_t exec_cb)
      |                    ^~~~~~~~~~~~~~~~~~
/home/dt/esp/5_35_LVGL_Full_Test-S024/components/lvgl/lvgl/src/lv_draw/../lv_core/lv_style.h:286:28: error: invalid storage class for function 'lv_style_list_get_style'
  286 | static inline lv_style_t * lv_style_list_get_style(lv_style_list_t * list, uint8_t id)
      |                            ^~~~~~~~~~~~~~~~~~~~~~~
/home/dt/esp/5_35_LVGL_Full_Test-S024/components/lvgl/lvgl/src/lv_draw/lv_draw_arc.c:41:13: error: invalid storage class for function 'draw_quarter_0'
   41 | static void draw_quarter_0(quarter_draw_dsc_t * q);
      |             ^~~~~~~~~~~~~~
/home/dt/esp/5_35_LVGL_Full_Test-S024/components/lvgl/lvgl/src/lv_draw/lv_draw_arc.c:42:13: error: invalid storage class for function 'draw_quarter_1'
   42 | static void draw_quarter_1(quarter_draw_dsc_t * q);
      |             ^~~~~~~~~~~~~~
/home/dt/esp/5_35_LVGL_Full_Test-S024/components/lvgl/lvgl/src/lv_draw/lv_draw_arc.c:43:13: error: invalid storage class for function 'draw_quarter_2'
   43 | static void draw_quarter_2(quarter_draw_dsc_t * q);
      |             ^~~~~~~~~~~~~~
/home/dt/esp/5_35_LVGL_Full_Test-S024/components/lvgl/lvgl/src/lv_draw/lv_draw_arc.c:44:13: error: invalid storage class for function 'draw_quarter_3'
   44 | static void draw_quarter_3(quarter_draw_dsc_t * q);
      |             ^~~~~~~~~~~~~~
/home/dt/esp/5_35_LVGL_Full_Test-S024/components/lvgl/lvgl/src/lv_draw/lv_draw_arc.c:45:13: error: invalid storage class for function 'get_rounded_area'
   45 | static void get_rounded_area(int16_t angle, lv_coord_t radius, uint8_t tickness, lv_area_t * res_area);
      |             ^~~~~~~~~~~~~~~~
/home/dt/esp/5_35_LVGL_Full_Test-S024/components/lvgl/lvgl/src/lv_draw/lv_draw_arc.c:71:6: error: static declaration of 'lv_draw_arc' follows non-static declaration
   71 | void lv_draw_arc(lv_coord_t center_x, lv_coord_t center_y, uint16_t radius,  uint16_t start_angle, uint16_t end_angle,
      |      ^~~~~~~~~~~
/home/dt/esp/5_35_LVGL_Full_Test-S024/components/lvgl/lvgl/src/lv_draw/lv_draw_arc.h:41:6: note: previous declaration of 'lv_draw_arc' with type 'void(lv_coord_t,  lv_coord_t,  uint16_t,  uint16_t,  uint16_t,  const lv_area_t *, lv_draw_line_dsc_t *)' {aka 'void(short int,  short int,  short unsigned int,  short unsigned int,  short unsigned int,  const lv_area_t *, lv_draw_line_dsc_t *)'}
   41 | void lv_draw_arc(lv_coord_t center_x, lv_coord_t center_y, uint16_t radius,  uint16_t start_angle, uint16_t end_angle,
      |      ^~~~~~~~~~~
/home/dt/esp/5_35_LVGL_Full_Test-S024/components/lvgl/lvgl/src/lv_draw/lv_draw_arc.c: In function 'lv_draw_arc':
/home/dt/esp/5_35_LVGL_Full_Test-S024/components/lvgl/lvgl/src/lv_draw/lv_draw_arc.c:131:9: error: implicit declaration of function 'draw_quarter_0' [-Werror=implicit-function-declaration]
  131 |         draw_quarter_0(&q_dsc);
      |         ^~~~~~~~~~~~~~
/home/dt/esp/5_35_LVGL_Full_Test-S024/components/lvgl/lvgl/src/lv_draw/lv_draw_arc.c:132:9: error: implicit declaration of function 'draw_quarter_1' [-Werror=implicit-function-declaration]
  132 |         draw_quarter_1(&q_dsc);
      |         ^~~~~~~~~~~~~~
/home/dt/esp/5_35_LVGL_Full_Test-S024/components/lvgl/lvgl/src/lv_draw/lv_draw_arc.c:133:9: error: implicit declaration of function 'draw_quarter_2' [-Werror=implicit-function-declaration]
  133 |         draw_quarter_2(&q_dsc);
      |         ^~~~~~~~~~~~~~
/home/dt/esp/5_35_LVGL_Full_Test-S024/components/lvgl/lvgl/src/lv_draw/lv_draw_arc.c:134:9: error: implicit declaration of function 'draw_quarter_3' [-Werror=implicit-function-declaration]
  134 |         draw_quarter_3(&q_dsc);
      |         ^~~~~~~~~~~~~~
/home/dt/esp/5_35_LVGL_Full_Test-S024/components/lvgl/lvgl/src/lv_draw/lv_draw_arc.c:149:13: error: implicit declaration of function 'get_rounded_area' [-Werror=implicit-function-declaration]
  149 |             get_rounded_area(start_angle, radius, dsc->width, &round_area);
      |             ^~~~~~~~~~~~~~~~
/home/dt/esp/5_35_LVGL_Full_Test-S024/components/lvgl/lvgl/src/lv_draw/lv_draw_arc.c: In function 'lv_color_to16':
/home/dt/esp/5_35_LVGL_Full_Test-S024/components/lvgl/lvgl/src/lv_draw/lv_draw_arc.c:174:13: error: invalid storage class for function 'draw_quarter_0'
  174 | static void draw_quarter_0(quarter_draw_dsc_t * q)
      |             ^~~~~~~~~~~~~~
/home/dt/esp/5_35_LVGL_Full_Test-S024/components/lvgl/lvgl/src/lv_draw/lv_draw_arc.c:227:13: error: invalid storage class for function 'draw_quarter_1'
  227 | static void draw_quarter_1(quarter_draw_dsc_t * q)
      |             ^~~~~~~~~~~~~~
/home/dt/esp/5_35_LVGL_Full_Test-S024/components/lvgl/lvgl/src/lv_draw/lv_draw_arc.c:280:13: error: invalid storage class for function 'draw_quarter_2'
  280 | static void draw_quarter_2(quarter_draw_dsc_t * q)
      |             ^~~~~~~~~~~~~~
/home/dt/esp/5_35_LVGL_Full_Test-S024/components/lvgl/lvgl/src/lv_draw/lv_draw_arc.c:334:13: error: invalid storage class for function 'draw_quarter_3'
  334 | static void draw_quarter_3(quarter_draw_dsc_t * q)
      |             ^~~~~~~~~~~~~~
/home/dt/esp/5_35_LVGL_Full_Test-S024/components/lvgl/lvgl/src/lv_draw/lv_draw_arc.c:388:13: error: invalid storage class for function 'get_rounded_area'
  388 | static void get_rounded_area(int16_t angle, lv_coord_t radius, uint8_t tickness, lv_area_t * res_area)
      |             ^~~~~~~~~~~~~~~~
/home/dt/esp/5_35_LVGL_Full_Test-S024/components/lvgl/lvgl/src/lv_draw/lv_draw_arc.c:433:1: error: expected declaration or statement at end of input
  433 | }
      | ^
/home/dt/esp/5_35_LVGL_Full_Test-S024/components/lvgl/lvgl/src/lv_draw/../lv_core/../lv_misc/lv_anim.h:421:29: warning: unused variable 'lv_anim_path_def' [-Wunused-variable]
  421 | extern const lv_anim_path_t lv_anim_path_def;
      |                             ^~~~~~~~~~~~~~~~
/home/dt/esp/5_35_LVGL_Full_Test-S024/components/lvgl/lvgl/src/lv_draw/../lv_core/../lv_misc/lv_color.h:376:18: warning: variable 'ret' set but not used [-Wunused-but-set-variable]
  376 |     lv_color16_t ret;
      |                  ^~~
/home/dt/esp/5_35_LVGL_Full_Test-S024/components/lvgl/lvgl/src/lv_draw/lv_draw_arc.c:433:1: error: no return statement in function returning non-void [-Werror=return-type]
  433 | }
      | ^
/home/dt/esp/5_35_LVGL_Full_Test-S024/components/lvgl/lvgl/src/lv_draw/lv_draw_arc.c: At top level:
/home/dt/esp/5_35_LVGL_Full_Test-S024/components/lvgl/lvgl/src/lv_draw/lv_draw_arc.c:388:13: warning: 'get_rounded_area' defined but not used [-Wunused-function]
  388 | static void get_rounded_area(int16_t angle, lv_coord_t radius, uint8_t tickness, lv_area_t * res_area)
      |             ^~~~~~~~~~~~~~~~
/home/dt/esp/5_35_LVGL_Full_Test-S024/components/lvgl/lvgl/src/lv_draw/lv_draw_arc.c:334:13: warning: 'draw_quarter_3' defined but not used [-Wunused-function]
  334 | static void draw_quarter_3(quarter_draw_dsc_t * q)
      |             ^~~~~~~~~~~~~~
/home/dt/esp/5_35_LVGL_Full_Test-S024/components/lvgl/lvgl/src/lv_draw/lv_draw_arc.c:280:13: warning: 'draw_quarter_2' defined but not used [-Wunused-function]
  280 | static void draw_quarter_2(quarter_draw_dsc_t * q)
      |             ^~~~~~~~~~~~~~
/home/dt/esp/5_35_LVGL_Full_Test-S024/components/lvgl/lvgl/src/lv_draw/lv_draw_arc.c:227:13: warning: 'draw_quarter_1' defined but not used [-Wunused-function]
  227 | static void draw_quarter_1(quarter_draw_dsc_t * q)
      |             ^~~~~~~~~~~~~~
/home/dt/esp/5_35_LVGL_Full_Test-S024/components/lvgl/lvgl/src/lv_draw/lv_draw_arc.c:174:13: warning: 'draw_quarter_0' defined but not used [-Wunused-function]
  174 | static void draw_quarter_0(quarter_draw_dsc_t * q)
      |             ^~~~~~~~~~~~~~
/home/dt/esp/5_35_LVGL_Full_Test-S024/components/lvgl/lvgl/src/lv_draw/lv_draw_arc.c:71:6: warning: 'lv_draw_arc' defined but not used [-Wunused-function]
   71 | void lv_draw_arc(lv_coord_t center_x, lv_coord_t center_y, uint16_t radius,  uint16_t start_angle, uint16_t end_angle,
      |      ^~~~~~~~~~~
cc1: some warnings being treated as errors
[5/230] Building C object esp-idf/lvgl/CMakeFiles/__idf_lvgl.dir/lvgl/src/lv_core/lv_debug.c.obj
FAILED: esp-idf/lvgl/CMakeFiles/__idf_lvgl.dir/lvgl/src/lv_core/lv_debug.c.obj 
/home/dt/.espressif/tools/xtensa-esp-elf/esp-13.2.0_20240530/xtensa-esp-elf/bin/xtensa-esp32-elf-gcc -DESP_PLATFORM -DIDF_VER=\"v5.4-dev-826-g8760e6d2a7-dirty\" -DSOC_MMU_PAGE_SIZE=CONFIG_MMU_PAGE_SIZE -DSOC_XTAL_FREQ_MHZ=CONFIG_XTAL_FREQ -D_GLIBCXX_HAVE_POSIX_SEMAPHORE -D_GLIBCXX_USE_POSIX_SEMAPHORE -D_GNU_SOURCE -D_POSIX_READER_WRITER_LOCKS -I/home/dt/esp/5_35_LVGL_Full_Test-S024/build/config -I/home/dt/esp/5_35_LVGL_Full_Test-S024/components/lvgl -I/home/dt/esp/5_35_LVGL_Full_Test-S024/components/lvgl/lvgl -I/home/dt/esp/esp-idf/components/newlib/platform_include -I/home/dt/esp/esp-idf/components/freertos/config/include -I/home/dt/esp/esp-idf/components/freertos/config/include/freertos -I/home/dt/esp/esp-idf/components/freertos/config/xtensa/include -I/home/dt/esp/esp-idf/components/freertos/FreeRTOS-Kernel/include -I/home/dt/esp/esp-idf/components/freertos/FreeRTOS-Kernel/portable/xtensa/include -I/home/dt/esp/esp-idf/components/freertos/FreeRTOS-Kernel/portable/xtensa/include/freertos -I/home/dt/esp/esp-idf/components/freertos/esp_additions/include -I/home/dt/esp/esp-idf/components/esp_hw_support/include -I/home/dt/esp/esp-idf/components/esp_hw_support/include/soc -I/home/dt/esp/esp-idf/components/esp_hw_support/include/soc/esp32 -I/home/dt/esp/esp-idf/components/esp_hw_support/dma/include -I/home/dt/esp/esp-idf/components/esp_hw_support/ldo/include -I/home/dt/esp/esp-idf/components/esp_hw_support/port/esp32/. -I/home/dt/esp/esp-idf/components/esp_hw_support/port/esp32/include -I/home/dt/esp/esp-idf/components/heap/include -I/home/dt/esp/esp-idf/components/log/include -I/home/dt/esp/esp-idf/components/soc/include -I/home/dt/esp/esp-idf/components/soc/esp32 -I/home/dt/esp/esp-idf/components/soc/esp32/include -I/home/dt/esp/esp-idf/components/hal/platform_port/include -I/home/dt/esp/esp-idf/components/hal/esp32/include -I/home/dt/esp/esp-idf/components/hal/include -I/home/dt/esp/esp-idf/components/esp_rom/include -I/home/dt/esp/esp-idf/components/esp_rom/include/esp32 -I/home/dt/esp/esp-idf/components/esp_rom/esp32 -I/home/dt/esp/esp-idf/components/esp_common/include -I/home/dt/esp/esp-idf/components/esp_system/include -I/home/dt/esp/esp-idf/components/esp_system/port/soc -I/home/dt/esp/esp-idf/components/esp_system/port/include/private -I/home/dt/esp/esp-idf/components/xtensa/esp32/include -I/home/dt/esp/esp-idf/components/xtensa/include -I/home/dt/esp/esp-idf/components/xtensa/deprecated_include -I/home/dt/esp/esp-idf/components/lwip/include -I/home/dt/esp/esp-idf/components/lwip/include/apps -I/home/dt/esp/esp-idf/components/lwip/include/apps/sntp -I/home/dt/esp/esp-idf/components/lwip/lwip/src/include -I/home/dt/esp/esp-idf/components/lwip/port/include -I/home/dt/esp/esp-idf/components/lwip/port/freertos/include -I/home/dt/esp/esp-idf/components/lwip/port/esp32xx/include -I/home/dt/esp/esp-idf/components/lwip/port/esp32xx/include/arch -I/home/dt/esp/esp-idf/components/lwip/port/esp32xx/include/sys -mlongcalls -Wno-frame-address  -fno-builtin-memcpy -fno-builtin-memset -fno-builtin-bzero -fno-builtin-stpcpy -fno-builtin-strncpy -fdiagnostics-color=always -ffunction-sections -fdata-sections -Wall -Werror=all -Wno-error=unused-function -Wno-error=unused-variable -Wno-error=unused-but-set-variable -Wno-error=deprecated-declarations -Wextra -Wno-unused-parameter -Wno-sign-compare -Wno-enum-conversion -gdwarf-4 -ggdb -Og -fno-shrink-wrap -fmacro-prefix-map=/home/dt/esp/5_35_LVGL_Full_Test-S024=. -fmacro-prefix-map=/home/dt/esp/esp-idf=/IDF -fstrict-volatile-bitfields -fno-jump-tables -fno-tree-switch-conversion -std=gnu17 -Wno-old-style-declaration -MD -MT esp-idf/lvgl/CMakeFiles/__idf_lvgl.dir/lvgl/src/lv_core/lv_debug.c.obj -MF esp-idf/lvgl/CMakeFiles/__idf_lvgl.dir/lvgl/src/lv_core/lv_debug.c.obj.d -o esp-idf/lvgl/CMakeFiles/__idf_lvgl.dir/lvgl/src/lv_core/lv_debug.c.obj -c /home/dt/esp/5_35_LVGL_Full_Test-S024/components/lvgl/lvgl/src/lv_core/lv_debug.c
In file included from /home/dt/esp/5_35_LVGL_Full_Test-S024/components/lvgl/lvgl/src/lv_core/lv_style.h:18,
                 from /home/dt/esp/5_35_LVGL_Full_Test-S024/components/lvgl/lvgl/src/lv_core/lv_obj.h:20,
                 from /home/dt/esp/5_35_LVGL_Full_Test-S024/components/lvgl/lvgl/src/lv_core/lv_debug.c:9:
/home/dt/esp/5_35_LVGL_Full_Test-S024/components/lvgl/lvgl/src/lv_core/../lv_misc/lv_color.h:29:2: error: #error "LV_COLOR_16_SWAP requires LV_COLOR_DEPTH == 16. Set it in lv_conf.h"
   29 | #error "LV_COLOR_16_SWAP requires LV_COLOR_DEPTH == 16. Set it in lv_conf.h"
      |  ^~~~~
In function 'lv_color_to16':
cc1: error: unterminated argument list invoking macro "LV_COLOR_SET_G16_SWAP"
/home/dt/esp/5_35_LVGL_Full_Test-S024/components/lvgl/lvgl/src/lv_core/../lv_misc/lv_color.h:382:5: error: 'LV_COLOR_SET_G16_SWAP' undeclared (first use in this function)
  382 |     LV_COLOR_SET_G16_SWAP(ret, ret.ch.green_h = (LV_COLOR_GET_G(color) >> 2); /*(2^6 - 1)/(2^3 - 1) = 63/7 = 9*/
      |     ^~~~~~~~~~~~~~~~~~~~~
/home/dt/esp/5_35_LVGL_Full_Test-S024/components/lvgl/lvgl/src/lv_core/../lv_misc/lv_color.h:382:5: note: each undeclared identifier is reported only once for each function it appears in
/home/dt/esp/5_35_LVGL_Full_Test-S024/components/lvgl/lvgl/src/lv_core/../lv_misc/lv_color.h:382:26: error: expected ';' before 'enum'
  382 |     LV_COLOR_SET_G16_SWAP(ret, ret.ch.green_h = (LV_COLOR_GET_G(color) >> 2); /*(2^6 - 1)/(2^3 - 1) = 63/7 = 9*/
      |                          ^
      |                          ;
In file included from /home/dt/esp/5_35_LVGL_Full_Test-S024/components/lvgl/lvgl/src/lv_core/lv_style.h:20:
/home/dt/esp/5_35_LVGL_Full_Test-S024/components/lvgl/lvgl/src/lv_core/../lv_misc/lv_anim.h:129:20: error: invalid storage class for function 'lv_anim_set_var'
  129 | static inline void lv_anim_set_var(lv_anim_t * a, void * var)
      |                    ^~~~~~~~~~~~~~~
/home/dt/esp/5_35_LVGL_Full_Test-S024/components/lvgl/lvgl/src/lv_core/../lv_misc/lv_anim.h:141:20: error: invalid storage class for function 'lv_anim_set_exec_cb'
  141 | static inline void lv_anim_set_exec_cb(lv_anim_t * a, lv_anim_exec_xcb_t exec_cb)
      |                    ^~~~~~~~~~~~~~~~~~~
/home/dt/esp/5_35_LVGL_Full_Test-S024/components/lvgl/lvgl/src/lv_core/../lv_misc/lv_anim.h:151:20: error: invalid storage class for function 'lv_anim_set_time'
  151 | static inline void lv_anim_set_time(lv_anim_t * a, uint32_t duration)
      |                    ^~~~~~~~~~~~~~~~
/home/dt/esp/5_35_LVGL_Full_Test-S024/components/lvgl/lvgl/src/lv_core/../lv_misc/lv_anim.h:161:20: error: invalid storage class for function 'lv_anim_set_delay'
  161 | static inline void lv_anim_set_delay(lv_anim_t * a, uint32_t delay)
      |                    ^~~~~~~~~~~~~~~~~
/home/dt/esp/5_35_LVGL_Full_Test-S024/components/lvgl/lvgl/src/lv_core/../lv_misc/lv_anim.h:172:20: error: invalid storage class for function 'lv_anim_set_values'
  172 | static inline void lv_anim_set_values(lv_anim_t * a, lv_anim_value_t start, lv_anim_value_t end)
      |                    ^~~~~~~~~~~~~~~~~~
/home/dt/esp/5_35_LVGL_Full_Test-S024/components/lvgl/lvgl/src/lv_core/../lv_misc/lv_anim.h:187:20: error: invalid storage class for function 'lv_anim_set_custom_exec_cb'
  187 | static inline void lv_anim_set_custom_exec_cb(lv_anim_t * a, lv_anim_custom_exec_cb_t exec_cb)
      |                    ^~~~~~~~~~~~~~~~~~~~~~~~~~
/home/dt/esp/5_35_LVGL_Full_Test-S024/components/lvgl/lvgl/src/lv_core/../lv_misc/lv_anim.h:199:20: error: invalid storage class for function 'lv_anim_set_path'
  199 | static inline void lv_anim_set_path(lv_anim_t * a, const lv_anim_path_t * path)
      |                    ^~~~~~~~~~~~~~~~
/home/dt/esp/5_35_LVGL_Full_Test-S024/components/lvgl/lvgl/src/lv_core/../lv_misc/lv_anim.h:210:20: error: invalid storage class for function 'lv_anim_set_start_cb'
  210 | static inline void lv_anim_set_start_cb(lv_anim_t * a, lv_anim_ready_cb_t start_cb)
      |                    ^~~~~~~~~~~~~~~~~~~~
/home/dt/esp/5_35_LVGL_Full_Test-S024/components/lvgl/lvgl/src/lv_core/../lv_misc/lv_anim.h:220:20: error: invalid storage class for function 'lv_anim_set_ready_cb'
  220 | static inline void lv_anim_set_ready_cb(lv_anim_t * a, lv_anim_ready_cb_t ready_cb)
      |                    ^~~~~~~~~~~~~~~~~~~~
/home/dt/esp/5_35_LVGL_Full_Test-S024/components/lvgl/lvgl/src/lv_core/../lv_misc/lv_anim.h:230:20: error: invalid storage class for function 'lv_anim_set_playback_time'
  230 | static inline void lv_anim_set_playback_time(lv_anim_t * a, uint16_t time)
      |                    ^~~~~~~~~~~~~~~~~~~~~~~~~
/home/dt/esp/5_35_LVGL_Full_Test-S024/components/lvgl/lvgl/src/lv_core/../lv_misc/lv_anim.h:240:20: error: invalid storage class for function 'lv_anim_set_playback_delay'
  240 | static inline void lv_anim_set_playback_delay(lv_anim_t * a, uint16_t delay)
      |                    ^~~~~~~~~~~~~~~~~~~~~~~~~~
/home/dt/esp/5_35_LVGL_Full_Test-S024/components/lvgl/lvgl/src/lv_core/../lv_misc/lv_anim.h:250:20: error: invalid storage class for function 'lv_anim_set_repeat_count'
  250 | static inline void lv_anim_set_repeat_count(lv_anim_t * a, uint16_t cnt)
      |                    ^~~~~~~~~~~~~~~~~~~~~~~~
/home/dt/esp/5_35_LVGL_Full_Test-S024/components/lvgl/lvgl/src/lv_core/../lv_misc/lv_anim.h:260:20: error: invalid storage class for function 'lv_anim_set_repeat_delay'
  260 | static inline void lv_anim_set_repeat_delay(lv_anim_t * a, uint16_t delay)
      |                    ^~~~~~~~~~~~~~~~~~~~~~~~
/home/dt/esp/5_35_LVGL_Full_Test-S024/components/lvgl/lvgl/src/lv_core/../lv_misc/lv_anim.h:275:20: error: invalid storage class for function 'lv_anim_path_init'
  275 | static inline void lv_anim_path_init(lv_anim_path_t * path)
      |                    ^~~~~~~~~~~~~~~~~
/home/dt/esp/5_35_LVGL_Full_Test-S024/components/lvgl/lvgl/src/lv_core/../lv_misc/lv_anim.h:285:20: error: invalid storage class for function 'lv_anim_path_set_cb'
  285 | static inline void lv_anim_path_set_cb(lv_anim_path_t * path, lv_anim_path_cb_t cb)
      |                    ^~~~~~~~~~~~~~~~~~~
/home/dt/esp/5_35_LVGL_Full_Test-S024/components/lvgl/lvgl/src/lv_core/../lv_misc/lv_anim.h:295:20: error: invalid storage class for function 'lv_anim_path_set_user_data'
  295 | static inline void lv_anim_path_set_user_data(lv_anim_path_t * path, void * user_data)
      |                    ^~~~~~~~~~~~~~~~~~~~~~~~~~
/home/dt/esp/5_35_LVGL_Full_Test-S024/components/lvgl/lvgl/src/lv_core/../lv_misc/lv_anim.h:305:23: error: invalid storage class for function 'lv_anim_get_delay'
  305 | static inline int32_t lv_anim_get_delay(lv_anim_t * a)
      |                       ^~~~~~~~~~~~~~~~~
/home/dt/esp/5_35_LVGL_Full_Test-S024/components/lvgl/lvgl/src/lv_core/../lv_misc/lv_anim.h:340:20: error: invalid storage class for function 'lv_anim_custom_del'
  340 | static inline bool lv_anim_custom_del(lv_anim_t * a, lv_anim_custom_exec_cb_t exec_cb)
      |                    ^~~~~~~~~~~~~~~~~~
/home/dt/esp/5_35_LVGL_Full_Test-S024/components/lvgl/lvgl/src/lv_core/lv_style.h:286:28: error: invalid storage class for function 'lv_style_list_get_style'
  286 | static inline lv_style_t * lv_style_list_get_style(lv_style_list_t * list, uint8_t id)
      |                            ^~~~~~~~~~~~~~~~~~~~~~~
In file included from /home/dt/esp/5_35_LVGL_Full_Test-S024/components/lvgl/lvgl/src/lv_core/../lv_draw/lv_img_decoder.h:19,
                 from /home/dt/esp/5_35_LVGL_Full_Test-S024/components/lvgl/lvgl/src/lv_core/../lv_draw/lv_draw_img.h:16,
                 from /home/dt/esp/5_35_LVGL_Full_Test-S024/components/lvgl/lvgl/src/lv_core/lv_obj.h:28:
/home/dt/esp/5_35_LVGL_Full_Test-S024/components/lvgl/lvgl/src/lv_core/../lv_draw/lv_img_buf.h:276:20: error: invalid storage class for function '_lv_img_buf_transform'
  276 | static inline bool _lv_img_buf_transform(lv_img_transform_dsc_t * dsc, lv_coord_t x, lv_coord_t y)
      |                    ^~~~~~~~~~~~~~~~~~~~~
In file included from /home/dt/esp/5_35_LVGL_Full_Test-S024/components/lvgl/lvgl/src/lv_core/lv_obj.h:1128:
/home/dt/esp/5_35_LVGL_Full_Test-S024/components/lvgl/lvgl/src/lv_core/lv_obj_style_dec.h:62:30: error: invalid storage class for function 'lv_obj_get_style_radius'
   62 |     static inline value_type lv_obj_get_style_##func_name (const lv_obj_t * obj, uint8_t part)      \
      |                              ^~~~~~~~~~~~~~~~~
/home/dt/esp/5_35_LVGL_Full_Test-S024/components/lvgl/lvgl/src/lv_core/lv_obj_style_dec.h:98:5: note: in expansion of macro '_OBJ_GET_STYLE_scalar'
   98 |     _OBJ_GET_STYLE_##scalar(prop_name, func_name, value_type, style_type)                                               \
      |     ^~~~~~~~~~~~~~~
/home/dt/esp/5_35_LVGL_Full_Test-S024/components/lvgl/lvgl/src/lv_core/lv_obj_style_dec.h:102:1: note: in expansion of macro '_LV_OBJ_STYLE_SET_GET_DECLARE'
  102 | _LV_OBJ_STYLE_SET_GET_DECLARE(RADIUS, radius, lv_style_int_t, _int, scalar)
      | ^~~~~~~~~~~~~~~~~~~~~~~~~~~~~
/home/dt/esp/5_35_LVGL_Full_Test-S024/components/lvgl/lvgl/src/lv_core/lv_obj_style_dec.h:74:24: error: invalid storage class for function 'lv_obj_set_style_local_radius'
   74 |     static inline void lv_obj_set_style_local_##func_name (lv_obj_t * obj, uint8_t part, lv_state_t state, value_type value)    \
      |                        ^~~~~~~~~~~~~~~~~~~~~~~
/home/dt/esp/5_35_LVGL_Full_Test-S024/components/lvgl/lvgl/src/lv_core/lv_obj_style_dec.h:99:5: note: in expansion of macro '_OBJ_SET_STYLE_LOCAL_scalar'
   99 |     _OBJ_SET_STYLE_LOCAL_##scalar(prop_name, func_name, value_type, style_type)                                         \
      |     ^~~~~~~~~~~~~~~~~~~~~
/home/dt/esp/5_35_LVGL_Full_Test-S024/components/lvgl/lvgl/src/lv_core/lv_obj_style_dec.h:102:1: note: in expansion of macro '_LV_OBJ_STYLE_SET_GET_DECLARE'
  102 | _LV_OBJ_STYLE_SET_GET_DECLARE(RADIUS, radius, lv_style_int_t, _int, scalar)
      | ^~~~~~~~~~~~~~~~~~~~~~~~~~~~~
/home/dt/esp/5_35_LVGL_Full_Test-S024/components/lvgl/lvgl/src/lv_core/lv_obj_style_dec.h:86:24: error: invalid storage class for function 'lv_style_set_radius'
   86 |     static inline void lv_style_set_##func_name (lv_style_t * style, lv_state_t state, value_type value)                 \
      |                        ^~~~~~~~~~~~~
/home/dt/esp/5_35_LVGL_Full_Test-S024/components/lvgl/lvgl/src/lv_core/lv_obj_style_dec.h:100:5: note: in expansion of macro '_OBJ_SET_STYLE_scalar'
  100 |     _OBJ_SET_STYLE_##scalar(prop_name, func_name, value_type, style_type)
      |     ^~~~~~~~~~~~~~~
/home/dt/esp/5_35_LVGL_Full_Test-S024/components/lvgl/lvgl/src/lv_core/lv_obj_style_dec.h:102:1: note: in expansion of macro '_LV_OBJ_STYLE_SET_GET_DECLARE'
  102 | _LV_OBJ_STYLE_SET_GET_DECLARE(RADIUS, radius, lv_style_int_t, _int, scalar)
      | ^~~~~~~~~~~~~~~~~~~~~~~~~~~~~
/home/dt/esp/5_35_LVGL_Full_Test-S024/components/lvgl/lvgl/src/lv_core/lv_obj_style_dec.h:62:30: error: invalid storage class for function 'lv_obj_get_style_clip_corner'
   62 |     static inline value_type lv_obj_get_style_##func_name (const lv_obj_t * obj, uint8_t part)      \
      |                              ^~~~~~~~~~~~~~~~~
/home/dt/esp/5_35_LVGL_Full_Test-S024/components/lvgl/lvgl/src/lv_core/lv_obj_style_dec.h:98:5: note: in expansion of macro '_OBJ_GET_STYLE_scalar'
   98 |     _OBJ_GET_STYLE_##scalar(prop_name, func_name, value_type, style_type)                                               \
      |     ^~~~~~~~~~~~~~~
/home/dt/esp/5_35_LVGL_Full_Test-S024/components/lvgl/lvgl/src/lv_core/lv_obj_style_dec.h:103:1: note: in expansion of macro '_LV_OBJ_STYLE_SET_GET_DECLARE'
  103 | _LV_OBJ_STYLE_SET_GET_DECLARE(CLIP_CORNER, clip_corner, bool, _int, scalar)
      | ^~~~~~~~~~~~~~~~~~~~~~~~~~~~~
/home/dt/esp/5_35_LVGL_Full_Test-S024/components/lvgl/lvgl/src/lv_core/lv_obj_style_dec.h:74:24: error: invalid storage class for function 'lv_obj_set_style_local_clip_corner'
   74 |     static inline void lv_obj_set_style_local_##func_name (lv_obj_t * obj, uint8_t part, lv_state_t state, value_type value)    \
      |                        ^~~~~~~~~~~~~~~~~~~~~~~
/home/dt/esp/5_35_LVGL_Full_Test-S024/components/lvgl/lvgl/src/lv_core/lv_obj_style_dec.h:99:5: note: in expansion of macro '_OBJ_SET_STYLE_LOCAL_scalar'
   99 |     _OBJ_SET_STYLE_LOCAL_##scalar(prop_name, func_name, value_type, style_type)                                         \
      |     ^~~~~~~~~~~~~~~~~~~~~
/home/dt/esp/5_35_LVGL_Full_Test-S024/components/lvgl/lvgl/src/lv_core/lv_obj_style_dec.h:103:1: note: in expansion of macro '_LV_OBJ_STYLE_SET_GET_DECLARE'
  103 | _LV_OBJ_STYLE_SET_GET_DECLARE(CLIP_CORNER, clip_corner, bool, _int, scalar)
      | ^~~~~~~~~~~~~~~~~~~~~~~~~~~~~
/home/dt/esp/5_35_LVGL_Full_Test-S024/components/lvgl/lvgl/src/lv_core/lv_obj_style_dec.h:86:24: error: invalid storage class for function 'lv_style_set_clip_corner'
   86 |     static inline void lv_style_set_##func_name (lv_style_t * style, lv_state_t state, value_type value)                 \
      |                        ^~~~~~~~~~~~~
/home/dt/esp/5_35_LVGL_Full_Test-S024/components/lvgl/lvgl/src/lv_core/lv_obj_style_dec.h:100:5: note: in expansion of macro '_OBJ_SET_STYLE_scalar'
  100 |     _OBJ_SET_STYLE_##scalar(prop_name, func_name, value_type, style_type)
      |     ^~~~~~~~~~~~~~~
/home/dt/esp/5_35_LVGL_Full_Test-S024/components/lvgl/lvgl/src/lv_core/lv_obj_style_dec.h:103:1: note: in expansion of macro '_LV_OBJ_STYLE_SET_GET_DECLARE'
  103 | _LV_OBJ_STYLE_SET_GET_DECLARE(CLIP_CORNER, clip_corner, bool, _int, scalar)
      | ^~~~~~~~~~~~~~~~~~~~~~~~~~~~~
/home/dt/esp/5_35_LVGL_Full_Test-S024/components/lvgl/lvgl/src/lv_core/lv_obj_style_dec.h:62:30: error: invalid storage class for function 'lv_obj_get_style_size'
   62 |     static inline value_type lv_obj_get_style_##func_name (const lv_obj_t * obj, uint8_t part)      \
      |                              ^~~~~~~~~~~~~~~~~
/home/dt/esp/5_35_LVGL_Full_Test-S024/components/lvgl/lvgl/src/lv_core/lv_obj_style_dec.h:98:5: note: in expansion of macro '_OBJ_GET_STYLE_scalar'
   98 |     _OBJ_GET_STYLE_##scalar(prop_name, func_name, value_type, style_type)                                               \
      |     ^~~~~~~~~~~~~~~
/home/dt/esp/5_35_LVGL_Full_Test-S024/components/lvgl/lvgl/src/lv_core/lv_obj_style_dec.h:104:1: note: in expansion of macro '_LV_OBJ_STYLE_SET_GET_DECLARE'
  104 | _LV_OBJ_STYLE_SET_GET_DECLARE(SIZE, size, lv_style_int_t, _int, scalar)
      | ^~~~~~~~~~~~~~~~~~~~~~~~~~~~~
/home/dt/esp/5_35_LVGL_Full_Test-S024/components/lvgl/lvgl/src/lv_core/lv_obj_style_dec.h:74:24: error: invalid storage class for function 'lv_obj_set_style_local_size'
   74 |     static inline void lv_obj_set_style_local_##func_name (lv_obj_t * obj, uint8_t part, lv_state_t state, value_type value)    \
      |                        ^~~~~~~~~~~~~~~~~~~~~~~
/home/dt/esp/5_35_LVGL_Full_Test-S024/components/lvgl/lvgl/src/lv_core/lv_obj_style_dec.h:99:5: note: in expansion of macro '_OBJ_SET_STYLE_LOCAL_scalar'
   99 |     _OBJ_SET_STYLE_LOCAL_##scalar(prop_name, func_name, value_type, style_type)                                         \
      |     ^~~~~~~~~~~~~~~~~~~~~
/home/dt/esp/5_35_LVGL_Full_Test-S024/components/lvgl/lvgl/src/lv_core/lv_obj_style_dec.h:104:1: note: in expansion of macro '_LV_OBJ_STYLE_SET_GET_DECLARE'
  104 | _LV_OBJ_STYLE_SET_GET_DECLARE(SIZE, size, lv_style_int_t, _int, scalar)
      | ^~~~~~~~~~~~~~~~~~~~~~~~~~~~~
/home/dt/esp/5_35_LVGL_Full_Test-S024/components/lvgl/lvgl/src/lv_core/lv_obj_style_dec.h:86:24: error: invalid storage class for function 'lv_style_set_size'
   86 |     static inline void lv_style_set_##func_name (lv_style_t * style, lv_state_t state, value_type value)                 \
      |                        ^~~~~~~~~~~~~
/home/dt/esp/5_35_LVGL_Full_Test-S024/components/lvgl/lvgl/src/lv_core/lv_obj_style_dec.h:100:5: note: in expansion of macro '_OBJ_SET_STYLE_scalar'
  100 |     _OBJ_SET_STYLE_##scalar(prop_name, func_name, value_type, style_type)
      |     ^~~~~~~~~~~~~~~
/home/dt/esp/5_35_LVGL_Full_Test-S024/components/lvgl/lvgl/src/lv_core/lv_obj_style_dec.h:104:1: note: in expansion of macro '_LV_OBJ_STYLE_SET_GET_DECLARE'
  104 | _LV_OBJ_STYLE_SET_GET_DECLARE(SIZE, size, lv_style_int_t, _int, scalar)
      | ^~~~~~~~~~~~~~~~~~~~~~~~~~~~~
/home/dt/esp/5_35_LVGL_Full_Test-S024/components/lvgl/lvgl/src/lv_core/lv_obj_style_dec.h:62:30: error: invalid storage class for function 'lv_obj_get_style_transform_width'
   62 |     static inline value_type lv_obj_get_style_##func_name (const lv_obj_t * obj, uint8_t part)      \
      |                              ^~~~~~~~~~~~~~~~~
/home/dt/esp/5_35_LVGL_Full_Test-S024/components/lvgl/lvgl/src/lv_core/lv_obj_style_dec.h:98:5: note: in expansion of macro '_OBJ_GET_STYLE_scalar'
   98 |     _OBJ_GET_STYLE_##scalar(prop_name, func_name, value_type, style_type)                                               \
      |     ^~~~~~~~~~~~~~~
/home/dt/esp/5_35_LVGL_Full_Test-S024/components/lvgl/lvgl/src/lv_core/lv_obj_style_dec.h:105:1: note: in expansion of macro '_LV_OBJ_STYLE_SET_GET_DECLARE'
  105 | _LV_OBJ_STYLE_SET_GET_DECLARE(TRANSFORM_WIDTH, transform_width, lv_style_int_t, _int, scalar)
      | ^~~~~~~~~~~~~~~~~~~~~~~~~~~~~
/home/dt/esp/5_35_LVGL_Full_Test-S024/components/lvgl/lvgl/src/lv_core/lv_obj_style_dec.h:74:24: error: invalid storage class for function 'lv_obj_set_style_local_transform_width'
   74 |     static inline void lv_obj_set_style_local_##func_name (lv_obj_t * obj, uint8_t part, lv_state_t state, value_type value)    \
      |                        ^~~~~~~~~~~~~~~~~~~~~~~
/home/dt/esp/5_35_LVGL_Full_Test-S024/components/lvgl/lvgl/src/lv_core/lv_obj_style_dec.h:99:5: note: in expansion of macro '_OBJ_SET_STYLE_LOCAL_scalar'
   99 |     _OBJ_SET_STYLE_LOCAL_##scalar(prop_name, func_name, value_type, style_type)                                         \
      |     ^~~~~~~~~~~~~~~~~~~~~
/home/dt/esp/5_35_LVGL_Full_Test-S024/components/lvgl/lvgl/src/lv_core/lv_obj_style_dec.h:105:1: note: in expansion of macro '_LV_OBJ_STYLE_SET_GET_DECLARE'
  105 | _LV_OBJ_STYLE_SET_GET_DECLARE(TRANSFORM_WIDTH, transform_width, lv_style_int_t, _int, scalar)
      | ^~~~~~~~~~~~~~~~~~~~~~~~~~~~~
/home/dt/esp/5_35_LVGL_Full_Test-S024/components/lvgl/lvgl/src/lv_core/lv_obj_style_dec.h:86:24: error: invalid storage class for function 'lv_style_set_transform_width'
   86 |     static inline void lv_style_set_##func_name (lv_style_t * style, lv_state_t state, value_type value)                 \
      |                        ^~~~~~~~~~~~~
/home/dt/esp/5_35_LVGL_Full_Test-S024/components/lvgl/lvgl/src/lv_core/lv_obj_style_dec.h:100:5: note: in expansion of macro '_OBJ_SET_STYLE_scalar'
  100 |     _OBJ_SET_STYLE_##scalar(prop_name, func_name, value_type, style_type)
      |     ^~~~~~~~~~~~~~~
/home/dt/esp/5_35_LVGL_Full_Test-S024/components/lvgl/lvgl/src/lv_core/lv_obj_style_dec.h:105:1: note: in expansion of macro '_LV_OBJ_STYLE_SET_GET_DECLARE'
  105 | _LV_OBJ_STYLE_SET_GET_DECLARE(TRANSFORM_WIDTH, transform_width, lv_style_int_t, _int, scalar)
      | ^~~~~~~~~~~~~~~~~~~~~~~~~~~~~
/home/dt/esp/5_35_LVGL_Full_Test-S024/components/lvgl/lvgl/src/lv_core/lv_obj_style_dec.h:62:30: error: invalid storage class for function 'lv_obj_get_style_transform_height'
   62 |     static inline value_type lv_obj_get_style_##func_name (const lv_obj_t * obj, uint8_t part)      \
      |                              ^~~~~~~~~~~~~~~~~
/home/dt/esp/5_35_LVGL_Full_Test-S024/components/lvgl/lvgl/src/lv_core/lv_obj_style_dec.h:98:5: note: in expansion of macro '_OBJ_GET_STYLE_scalar'
   98 |     _OBJ_GET_STYLE_##scalar(prop_name, func_name, value_type, style_type)                                               \
      |     ^~~~~~~~~~~~~~~
/home/dt/esp/5_35_LVGL_Full_Test-S024/components/lvgl/lvgl/src/lv_core/lv_obj_style_dec.h:106:1: note: in expansion of macro '_LV_OBJ_STYLE_SET_GET_DECLARE'
  106 | _LV_OBJ_STYLE_SET_GET_DECLARE(TRANSFORM_HEIGHT, transform_height, lv_style_int_t, _int, scalar)
      | ^~~~~~~~~~~~~~~~~~~~~~~~~~~~~
/home/dt/esp/5_35_LVGL_Full_Test-S024/components/lvgl/lvgl/src/lv_core/lv_obj_style_dec.h:74:24: error: invalid storage class for function 'lv_obj_set_style_local_transform_height'
   74 |     static inline void lv_obj_set_style_local_##func_name (lv_obj_t * obj, uint8_t part, lv_state_t state, value_type value)    \
      |                        ^~~~~~~~~~~~~~~~~~~~~~~
/home/dt/esp/5_35_LVGL_Full_Test-S024/components/lvgl/lvgl/src/lv_core/lv_obj_style_dec.h:99:5: note: in expansion of macro '_OBJ_SET_STYLE_LOCAL_scalar'
   99 |     _OBJ_SET_STYLE_LOCAL_##scalar(prop_name, func_name, value_type, style_type)                                         \
      |     ^~~~~~~~~~~~~~~~~~~~~
/home/dt/esp/5_35_LVGL_Full_Test-S024/components/lvgl/lvgl/src/lv_core/lv_obj_style_dec.h:106:1: note: in expansion of macro '_LV_OBJ_STYLE_SET_GET_DECLARE'
  106 | _LV_OBJ_STYLE_SET_GET_DECLARE(TRANSFORM_HEIGHT, transform_height, lv_style_int_t, _int, scalar)
      | ^~~~~~~~~~~~~~~~~~~~~~~~~~~~~
/home/dt/esp/5_35_LVGL_Full_Test-S024/components/lvgl/lvgl/src/lv_core/lv_obj_style_dec.h:86:24: error: invalid storage class for function 'lv_style_set_transform_height'
   86 |     static inline void lv_style_set_##func_name (lv_style_t * style, lv_state_t state, value_type value)                 \
      |                        ^~~~~~~~~~~~~
/home/dt/esp/5_35_LVGL_Full_Test-S024/components/lvgl/lvgl/src/lv_core/lv_obj_style_dec.h:100:5: note: in expansion of macro '_OBJ_SET_STYLE_scalar'
  100 |     _OBJ_SET_STYLE_##scalar(prop_name, func_name, value_type, style_type)
      |     ^~~~~~~~~~~~~~~
/home/dt/esp/5_35_LVGL_Full_Test-S024/components/lvgl/lvgl/src/lv_core/lv_obj_style_dec.h:106:1: note: in expansion of macro '_LV_OBJ_STYLE_SET_GET_DECLARE'
  106 | _LV_OBJ_STYLE_SET_GET_DECLARE(TRANSFORM_HEIGHT, transform_height, lv_style_int_t, _int, scalar)
      | ^~~~~~~~~~~~~~~~~~~~~~~~~~~~~
/home/dt/esp/5_35_LVGL_Full_Test-S024/components/lvgl/lvgl/src/lv_core/lv_obj_style_dec.h:62:30: error: invalid storage class for function 'lv_obj_get_style_transform_angle'
   62 |     static inline value_type lv_obj_get_style_##func_name (const lv_obj_t * obj, uint8_t part)      \
      |                              ^~~~~~~~~~~~~~~~~
/home/dt/esp/5_35_LVGL_Full_Test-S024/components/lvgl/lvgl/src/lv_core/lv_obj_style_dec.h:98:5: note: in expansion of macro '_OBJ_GET_STYLE_scalar'
   98 |     _OBJ_GET_STYLE_##scalar(prop_name, func_name, value_type, style_type)                                               \
      |     ^~~~~~~~~~~~~~~
/home/dt/esp/5_35_LVGL_Full_Test-S024/components/lvgl/lvgl/src/lv_core/lv_obj_style_dec.h:107:1: note: in expansion of macro '_LV_OBJ_STYLE_SET_GET_DECLARE'
  107 | _LV_OBJ_STYLE_SET_GET_DECLARE(TRANSFORM_ANGLE, transform_angle, lv_style_int_t, _int, scalar)
      | ^~~~~~~~~~~~~~~~~~~~~~~~~~~~~
/home/dt/esp/5_35_LVGL_Full_Test-S024/components/lvgl/lvgl/src/lv_core/lv_obj_style_dec.h:74:24: error: invalid storage class for function 'lv_obj_set_style_local_transform_angle'
   74 |     static inline void lv_obj_set_style_local_##func_name (lv_obj_t * obj, uint8_t part, lv_state_t state, value_type value)    \
      |                        ^~~~~~~~~~~~~~~~~~~~~~~
/home/dt/esp/5_35_LVGL_Full_Test-S024/components/lvgl/lvgl/src/lv_core/lv_obj_style_dec.h:99:5: note: in expansion of macro '_OBJ_SET_STYLE_LOCAL_scalar'
   99 |     _OBJ_SET_STYLE_LOCAL_##scalar(prop_name, func_name, value_type, style_type)                                         \
      |     ^~~~~~~~~~~~~~~~~~~~~
/home/dt/esp/5_35_LVGL_Full_Test-S024/components/lvgl/lvgl/src/lv_core/lv_obj_style_dec.h:107:1: note: in expansion of macro '_LV_OBJ_STYLE_SET_GET_DECLARE'
  107 | _LV_OBJ_STYLE_SET_GET_DECLARE(TRANSFORM_ANGLE, transform_angle, lv_style_int_t, _int, scalar)
      | ^~~~~~~~~~~~~~~~~~~~~~~~~~~~~
/home/dt/esp/5_35_LVGL_Full_Test-S024/components/lvgl/lvgl/src/lv_core/lv_obj_style_dec.h:86:24: error: invalid storage class for function 'lv_style_set_transform_angle'
   86 |     static inline void lv_style_set_##func_name (lv_style_t * style, lv_state_t state, value_type value)                 \
      |                        ^~~~~~~~~~~~~
/home/dt/esp/5_35_LVGL_Full_Test-S024/components/lvgl/lvgl/src/lv_core/lv_obj_style_dec.h:100:5: note: in expansion of macro '_OBJ_SET_STYLE_scalar'
  100 |     _OBJ_SET_STYLE_##scalar(prop_name, func_name, value_type, style_type)
      |     ^~~~~~~~~~~~~~~
/home/dt/esp/5_35_LVGL_Full_Test-S024/components/lvgl/lvgl/src/lv_core/lv_obj_style_dec.h:107:1: note: in expansion of macro '_LV_OBJ_STYLE_SET_GET_DECLARE'
  107 | _LV_OBJ_STYLE_SET_GET_DECLARE(TRANSFORM_ANGLE, transform_angle, lv_style_int_t, _int, scalar)
      | ^~~~~~~~~~~~~~~~~~~~~~~~~~~~~
/home/dt/esp/5_35_LVGL_Full_Test-S024/components/lvgl/lvgl/src/lv_core/lv_obj_style_dec.h:62:30: error: invalid storage class for function 'lv_obj_get_style_transform_zoom'
   62 |     static inline value_type lv_obj_get_style_##func_name (const lv_obj_t * obj, uint8_t part)      \
      |                              ^~~~~~~~~~~~~~~~~
/home/dt/esp/5_35_LVGL_Full_Test-S024/components/lvgl/lvgl/src/lv_core/lv_obj_style_dec.h:98:5: note: in expansion of macro '_OBJ_GET_STYLE_scalar'
   98 |     _OBJ_GET_STYLE_##scalar(prop_name, func_name, value_type, style_type)                                               \
      |     ^~~~~~~~~~~~~~~
/home/dt/esp/5_35_LVGL_Full_Test-S024/components/lvgl/lvgl/src/lv_core/lv_obj_style_dec.h:108:1: note: in expansion of macro '_LV_OBJ_STYLE_SET_GET_DECLARE'
  108 | _LV_OBJ_STYLE_SET_GET_DECLARE(TRANSFORM_ZOOM, transform_zoom, lv_style_int_t, _int, scalar)
      | ^~~~~~~~~~~~~~~~~~~~~~~~~~~~~
/home/dt/esp/5_35_LVGL_Full_Test-S024/components/lvgl/lvgl/src/lv_core/lv_obj_style_dec.h:74:24: error: invalid storage class for function 'lv_obj_set_style_local_transform_zoom'
   74 |     static inline void lv_obj_set_style_local_##func_name (lv_obj_t * obj, uint8_t part, lv_state_t state, value_type value)    \
      |                        ^~~~~~~~~~~~~~~~~~~~~~~
/home/dt/esp/5_35_LVGL_Full_Test-S024/components/lvgl/lvgl/src/lv_core/lv_obj_style_dec.h:99:5: note: in expansion of macro '_OBJ_SET_STYLE_LOCAL_scalar'
   99 |     _OBJ_SET_STYLE_LOCAL_##scalar(prop_name, func_name, value_type, style_type)                                         \
      |     ^~~~~~~~~~~~~~~~~~~~~
/home/dt/esp/5_35_LVGL_Full_Test-S024/components/lvgl/lvgl/src/lv_core/lv_obj_style_dec.h:108:1: note: in expansion of macro '_LV_OBJ_STYLE_SET_GET_DECLARE'
  108 | _LV_OBJ_STYLE_SET_GET_DECLARE(TRANSFORM_ZOOM, transform_zoom, lv_style_int_t, _int, scalar)
      | ^~~~~~~~~~~~~~~~~~~~~~~~~~~~~
/home/dt/esp/5_35_LVGL_Full_Test-S024/components/lvgl/lvgl/src/lv_core/lv_obj_style_dec.h:86:24: error: invalid storage class for function 'lv_style_set_transform_zoom'
   86 |     static inline void lv_style_set_##func_name (lv_style_t * style, lv_state_t state, value_type value)                 \
      |                        ^~~~~~~~~~~~~
/home/dt/esp/5_35_LVGL_Full_Test-S024/components/lvgl/lvgl/src/lv_core/lv_obj_style_dec.h:100:5: note: in expansion of macro '_OBJ_SET_STYLE_scalar'
  100 |     _OBJ_SET_STYLE_##scalar(prop_name, func_name, value_type, style_type)
      |     ^~~~~~~~~~~~~~~
/home/dt/esp/5_35_LVGL_Full_Test-S024/components/lvgl/lvgl/src/lv_core/lv_obj_style_dec.h:108:1: note: in expansion of macro '_LV_OBJ_STYLE_SET_GET_DECLARE'
  108 | _LV_OBJ_STYLE_SET_GET_DECLARE(TRANSFORM_ZOOM, transform_zoom, lv_style_int_t, _int, scalar)
      | ^~~~~~~~~~~~~~~~~~~~~~~~~~~~~
/home/dt/esp/5_35_LVGL_Full_Test-S024/components/lvgl/lvgl/src/lv_core/lv_obj_style_dec.h:62:30: error: invalid storage class for function 'lv_obj_get_style_opa_scale'
   62 |     static inline value_type lv_obj_get_style_##func_name (const lv_obj_t * obj, uint8_t part)      \
      |                              ^~~~~~~~~~~~~~~~~
/home/dt/esp/5_35_LVGL_Full_Test-S024/components/lvgl/lvgl/src/lv_core/lv_obj_style_dec.h:98:5: note: in expansion of macro '_OBJ_GET_STYLE_scalar'
   98 |     _OBJ_GET_STYLE_##scalar(prop_name, func_name, value_type, style_type)                                               \
      |     ^~~~~~~~~~~~~~~
/home/dt/esp/5_35_LVGL_Full_Test-S024/components/lvgl/lvgl/src/lv_core/lv_obj_style_dec.h:109:1: note: in expansion of macro '_LV_OBJ_STYLE_SET_GET_DECLARE'
  109 | _LV_OBJ_STYLE_SET_GET_DECLARE(OPA_SCALE, opa_scale, lv_opa_t, _opa, scalar)
      | ^~~~~~~~~~~~~~~~~~~~~~~~~~~~~
/home/dt/esp/5_35_LVGL_Full_Test-S024/components/lvgl/lvgl/src/lv_core/lv_obj_style_dec.h:74:24: error: invalid storage class for function 'lv_obj_set_style_local_opa_scale'
   74 |     static inline void lv_obj_set_style_local_##func_name (lv_obj_t * obj, uint8_t part, lv_state_t state, value_type value)    \
      |                        ^~~~~~~~~~~~~~~~~~~~~~~
/home/dt/esp/5_35_LVGL_Full_Test-S024/components/lvgl/lvgl/src/lv_core/lv_obj_style_dec.h:99:5: note: in expansion of macro '_OBJ_SET_STYLE_LOCAL_scalar'
   99 |     _OBJ_SET_STYLE_LOCAL_##scalar(prop_name, func_name, value_type, style_type)                                         \
      |     ^~~~~~~~~~~~~~~~~~~~~
/home/dt/esp/5_35_LVGL_Full_Test-S024/components/lvgl/lvgl/src/lv_core/lv_obj_style_dec.h:109:1: note: in expansion of macro '_LV_OBJ_STYLE_SET_GET_DECLARE'
  109 | _LV_OBJ_STYLE_SET_GET_DECLARE(OPA_SCALE, opa_scale, lv_opa_t, _opa, scalar)
      | ^~~~~~~~~~~~~~~~~~~~~~~~~~~~~
/home/dt/esp/5_35_LVGL_Full_Test-S024/components/lvgl/lvgl/src/lv_core/lv_obj_style_dec.h:86:24: error: invalid storage class for function 'lv_style_set_opa_scale'
   86 |     static inline void lv_style_set_##func_name (lv_style_t * style, lv_state_t state, value_type value)                 \
      |                        ^~~~~~~~~~~~~
/home/dt/esp/5_35_LVGL_Full_Test-S024/components/lvgl/lvgl/src/lv_core/lv_obj_style_dec.h:100:5: note: in expansion of macro '_OBJ_SET_STYLE_scalar'
  100 |     _OBJ_SET_STYLE_##scalar(prop_name, func_name, value_type, style_type)
      |     ^~~~~~~~~~~~~~~
/home/dt/esp/5_35_LVGL_Full_Test-S024/components/lvgl/lvgl/src/lv_core/lv_obj_style_dec.h:109:1: note: in expansion of macro '_LV_OBJ_STYLE_SET_GET_DECLARE'
  109 | _LV_OBJ_STYLE_SET_GET_DECLARE(OPA_SCALE, opa_scale, lv_opa_t, _opa, scalar)
      | ^~~~~~~~~~~~~~~~~~~~~~~~~~~~~
/home/dt/esp/5_35_LVGL_Full_Test-S024/components/lvgl/lvgl/src/lv_core/lv_obj_style_dec.h:62:30: error: invalid storage class for function 'lv_obj_get_style_pad_top'
   62 |     static inline value_type lv_obj_get_style_##func_name (const lv_obj_t * obj, uint8_t part)      \
      |                              ^~~~~~~~~~~~~~~~~
/home/dt/esp/5_35_LVGL_Full_Test-S024/components/lvgl/lvgl/src/lv_core/lv_obj_style_dec.h:98:5: note: in expansion of macro '_OBJ_GET_STYLE_scalar'
   98 |     _OBJ_GET_STYLE_##scalar(prop_name, func_name, value_type, style_type)                                               \
      |     ^~~~~~~~~~~~~~~
/home/dt/esp/5_35_LVGL_Full_Test-S024/components/lvgl/lvgl/src/lv_core/lv_obj_style_dec.h:110:1: note: in expansion of macro '_LV_OBJ_STYLE_SET_GET_DECLARE'
  110 | _LV_OBJ_STYLE_SET_GET_DECLARE(PAD_TOP, pad_top, lv_style_int_t, _int, scalar)
      | ^~~~~~~~~~~~~~~~~~~~~~~~~~~~~
/home/dt/esp/5_35_LVGL_Full_Test-S024/components/lvgl/lvgl/src/lv_core/lv_obj_style_dec.h:74:24: error: invalid storage class for function 'lv_obj_set_style_local_pad_top'
   74 |     static inline void lv_obj_set_style_local_##func_name (lv_obj_t * obj, uint8_t part, lv_state_t state, value_type value)    \
      |                        ^~~~~~~~~~~~~~~~~~~~~~~
/home/dt/esp/5_35_LVGL_Full_Test-S024/components/lvgl/lvgl/src/lv_core/lv_obj_style_dec.h:99:5: note: in expansion of macro '_OBJ_SET_STYLE_LOCAL_scalar'
   99 |     _OBJ_SET_STYLE_LOCAL_##scalar(prop_name, func_name, value_type, style_type)                                         \
      |     ^~~~~~~~~~~~~~~~~~~~~
/home/dt/esp/5_35_LVGL_Full_Test-S024/components/lvgl/lvgl/src/lv_core/lv_obj_style_dec.h:110:1: note: in expansion of macro '_LV_OBJ_STYLE_SET_GET_DECLARE'
  110 | _LV_OBJ_STYLE_SET_GET_DECLARE(PAD_TOP, pad_top, lv_style_int_t, _int, scalar)
      | ^~~~~~~~~~~~~~~~~~~~~~~~~~~~~
/home/dt/esp/5_35_LVGL_Full_Test-S024/components/lvgl/lvgl/src/lv_core/lv_obj_style_dec.h:86:24: error: invalid storage class for function 'lv_style_set_pad_top'
   86 |     static inline void lv_style_set_##func_name (lv_style_t * style, lv_state_t state, value_type value)                 \
      |                        ^~~~~~~~~~~~~
/home/dt/esp/5_35_LVGL_Full_Test-S024/components/lvgl/lvgl/src/lv_core/lv_obj_style_dec.h:100:5: note: in expansion of macro '_OBJ_SET_STYLE_scalar'
  100 |     _OBJ_SET_STYLE_##scalar(prop_name, func_name, value_type, style_type)
      |     ^~~~~~~~~~~~~~~
/home/dt/esp/5_35_LVGL_Full_Test-S024/components/lvgl/lvgl/src/lv_core/lv_obj_style_dec.h:110:1: note: in expansion of macro '_LV_OBJ_STYLE_SET_GET_DECLARE'
  110 | _LV_OBJ_STYLE_SET_GET_DECLARE(PAD_TOP, pad_top, lv_style_int_t, _int, scalar)
      | ^~~~~~~~~~~~~~~~~~~~~~~~~~~~~
/home/dt/esp/5_35_LVGL_Full_Test-S024/components/lvgl/lvgl/src/lv_core/lv_obj_style_dec.h:62:30: error: invalid storage class for function 'lv_obj_get_style_pad_bottom'
   62 |     static inline value_type lv_obj_get_style_##func_name (const lv_obj_t * obj, uint8_t part)      \
      |                              ^~~~~~~~~~~~~~~~~
/home/dt/esp/5_35_LVGL_Full_Test-S024/components/lvgl/lvgl/src/lv_core/lv_obj_style_dec.h:98:5: note: in expansion of macro '_OBJ_GET_STYLE_scalar'
   98 |     _OBJ_GET_STYLE_##scalar(prop_name, func_name, value_type, style_type)                                               \
      |     ^~~~~~~~~~~~~~~
/home/dt/esp/5_35_LVGL_Full_Test-S024/components/lvgl/lvgl/src/lv_core/lv_obj_style_dec.h:111:1: note: in expansion of macro '_LV_OBJ_STYLE_SET_GET_DECLARE'
  111 | _LV_OBJ_STYLE_SET_GET_DECLARE(PAD_BOTTOM, pad_bottom, lv_style_int_t, _int, scalar)
      | ^~~~~~~~~~~~~~~~~~~~~~~~~~~~~
/home/dt/esp/5_35_LVGL_Full_Test-S024/components/lvgl/lvgl/src/lv_core/lv_obj_style_dec.h:74:24: error: invalid storage class for function 'lv_obj_set_style_local_pad_bottom'
   74 |     static inline void lv_obj_set_style_local_##func_name (lv_obj_t * obj, uint8_t part, lv_state_t state, value_type value)    \
      |                        ^~~~~~~~~~~~~~~~~~~~~~~
/home/dt/esp/5_35_LVGL_Full_Test-S024/components/lvgl/lvgl/src/lv_core/lv_obj_style_dec.h:99:5: note: in expansion of macro '_OBJ_SET_STYLE_LOCAL_scalar'
   99 |     _OBJ_SET_STYLE_LOCAL_##scalar(prop_name, func_name, value_type, style_type)                                         \
      |     ^~~~~~~~~~~~~~~~~~~~~
/home/dt/esp/5_35_LVGL_Full_Test-S024/components/lvgl/lvgl/src/lv_core/lv_obj_style_dec.h:111:1: note: in expansion of macro '_LV_OBJ_STYLE_SET_GET_DECLARE'
  111 | _LV_OBJ_STYLE_SET_GET_DECLARE(PAD_BOTTOM, pad_bottom, lv_style_int_t, _int, scalar)
      | ^~~~~~~~~~~~~~~~~~~~~~~~~~~~~
/home/dt/esp/5_35_LVGL_Full_Test-S024/components/lvgl/lvgl/src/lv_core/lv_obj_style_dec.h:86:24: error: invalid storage class for function 'lv_style_set_pad_bottom'
   86 |     static inline void lv_style_set_##func_name (lv_style_t * style, lv_state_t state, value_type value)                 \
      |                        ^~~~~~~~~~~~~
/home/dt/esp/5_35_LVGL_Full_Test-S024/components/lvgl/lvgl/src/lv_core/lv_obj_style_dec.h:100:5: note: in expansion of macro '_OBJ_SET_STYLE_scalar'
  100 |     _OBJ_SET_STYLE_##scalar(prop_name, func_name, value_type, style_type)
      |     ^~~~~~~~~~~~~~~
/home/dt/esp/5_35_LVGL_Full_Test-S024/components/lvgl/lvgl/src/lv_core/lv_obj_style_dec.h:111:1: note: in expansion of macro '_LV_OBJ_STYLE_SET_GET_DECLARE'
  111 | _LV_OBJ_STYLE_SET_GET_DECLARE(PAD_BOTTOM, pad_bottom, lv_style_int_t, _int, scalar)
      | ^~~~~~~~~~~~~~~~~~~~~~~~~~~~~
/home/dt/esp/5_35_LVGL_Full_Test-S024/components/lvgl/lvgl/src/lv_core/lv_obj_style_dec.h:62:30: error: invalid storage class for function 'lv_obj_get_style_pad_left'
   62 |     static inline value_type lv_obj_get_style_##func_name (const lv_obj_t * obj, uint8_t part)      \
      |                              ^~~~~~~~~~~~~~~~~
/home/dt/esp/5_35_LVGL_Full_Test-S024/components/lvgl/lvgl/src/lv_core/lv_obj_style_dec.h:98:5: note: in expansion of macro '_OBJ_GET_STYLE_scalar'
